Hola Cañi, Vamos al lío
── Attaching core tidyverse packages ──────────────────────── tidyverse 2.0.0 ──
✔ dplyr     1.1.3     ✔ readr     2.1.4
✔ forcats   1.0.0     ✔ stringr   1.5.0
✔ ggplot2   3.4.3     ✔ tibble    3.2.1
✔ lubridate 1.9.3     ✔ tidyr     1.3.0
✔ purrr     1.0.2     
── Conflicts ────────────────────────────────────────── tidyverse_conflicts() ──
✖ dplyr::filter() masks stats::filter()
✖ dplyr::lag()    masks stats::lag()
ℹ Use the conflicted package (<http://conflicted.r-lib.org/>) to force all conflicts to become errors
Loading required package: Rcpp
Loading 'brms' package (version 2.20.4). Useful instructions
can be found by typing help('brms'). A more detailed introduction
to the package is available through vignette('brms_overview').

Attaching package: ‘brms’

The following object is masked from ‘package:stats’:

    ar


Attaching package: ‘tidybayes’

The following objects are masked from ‘package:brms’:

    dstudent_t, pstudent_t, qstudent_t, rstudent_t


Attaching package: ‘ggdist’

The following objects are masked from ‘package:brms’:

    dstudent_t, pstudent_t, qstudent_t, rstudent_t

Loading required package: DBI
INFO [2023-10-29 18:51:06] Conectando a BD duckdb
[1] "prediccion" "test"      
INFO [2023-10-29 18:51:06] Cargando modelo
INFO [2023-10-29 18:51:06] Filtrando datos de hoy y prediciendo
Warning message:
Database is garbage-collected, use dbDisconnect(con, shutdown=TRUE) or duckdb::duckdb_shutdown(drv) to avoid this. 
# Source:   SQL [1 x 6]
# Database: DuckDB v0.9.1 [jose@Linux 5.15.0-87-generic:R 4.3.1//media/hd1/canadasreche@gmail.com/Jornadas_barcelona_2023/road-to-production/my-db_2.duckdb]
  segmento tipo  valor_cliente edad_cat     n fecha     
  <chr>    <chr>         <dbl> <chr>    <dbl> <date>    
1 Best     SF                2 <21          6 2023-10-31
INFO [2023-10-29 18:51:07] Escribiendo predicción en la BD
# Source:   table<prediccion> [?? x 5]
# Database: DuckDB v0.9.1 [jose@Linux 5.15.0-87-generic:R 4.3.1//media/hd1/canadasreche@gmail.com/Jornadas_barcelona_2023/road-to-production/my-db_2.duckdb]
   Estimate Est.Error  Q2.5 Q97.5 fecha     
      <dbl>     <dbl> <dbl> <dbl> <chr>     
 1    0.134     0.340     0     1 2023-10-25
 2    0.131     0.337     0     1 2023-10-25
 3    0.231     0.422     0     1 2023-10-22
 4    0.136     0.343     0     1 2023-10-23
 5    0.137     0.344     0     1 2023-10-23
 6    0.128     0.334     0     1 2023-10-23
 7    0.125     0.331     0     1 2023-10-26
 8    0.198     0.399     0     1 2023-10-31
 9    0.191     0.393     0     1 2023-10-31
10    0.201     0.401     0     1 2023-10-31
# ℹ more rows
